[debug] [2024-06-27T20:29:01.617Z] ----------------------------------------------------------------------
[debug] [2024-06-27T20:29:01.619Z] Command:       /usr/local/bin/node /usr/local/bin/firebase deploy
[debug] [2024-06-27T20:29:01.619Z] CLI Version:   13.12.0
[debug] [2024-06-27T20:29:01.619Z] Platform:      linux
[debug] [2024-06-27T20:29:01.619Z] Node Version:  v20.11.0
[debug] [2024-06-27T20:29:01.619Z] Time:          Fri Jun 28 2024 01:59:01 GMT+0530 (India Standard Time)
[debug] [2024-06-27T20:29:01.619Z] ----------------------------------------------------------------------
[debug] 
[debug] [2024-06-27T20:29:01.651Z] > command requires scopes: ["email","openid","https://www.googleapis.com/auth/cloudplatformprojects.readonly","https://www.googleapis.com/auth/firebase","https://www.googleapis.com/auth/cloud-platform"]
[debug] [2024-06-27T20:29:01.651Z] > authorizing via signed-in user (tomarharshit892@gmail.com)
[debug] [2024-06-27T20:29:01.652Z] [iam] checking project expense-tracker-d14e8 for permissions ["firebase.projects.get","firebasehosting.sites.update"]
[debug] [2024-06-27T20:29:01.653Z] >>> [apiv2][query] POST https://cloudresourcemanager.googleapis.com/v1/projects/expense-tracker-d14e8:testIamPermissions [none]
[debug] [2024-06-27T20:29:01.653Z] >>> [apiv2][(partial)header] POST https://cloudresourcemanager.googleapis.com/v1/projects/expense-tracker-d14e8:testIamPermissions x-goog-quota-user=projects/expense-tracker-d14e8
[debug] [2024-06-27T20:29:01.653Z] >>> [apiv2][body] POST https://cloudresourcemanager.googleapis.com/v1/projects/expense-tracker-d14e8:testIamPermissions {"permissions":["firebase.projects.get","firebasehosting.sites.update"]}
[debug] [2024-06-27T20:29:03.342Z] <<< [apiv2][status] POST https://cloudresourcemanager.googleapis.com/v1/projects/expense-tracker-d14e8:testIamPermissions 200
[debug] [2024-06-27T20:29:03.342Z] <<< [apiv2][body] POST https://cloudresourcemanager.googleapis.com/v1/projects/expense-tracker-d14e8:testIamPermissions {}
[debug] [2024-06-27T20:29:03.343Z] [iam] error while checking permissions, command may fail: FirebaseError: Authorization failed. This account is missing the following required permissions on project expense-tracker-d14e8:

  firebase.projects.get
  firebasehosting.sites.update
[debug] [2024-06-27T20:29:03.343Z] >>> [apiv2][query] GET https://firebase.googleapis.com/v1beta1/projects/expense-tracker-d14e8 [none]
[debug] [2024-06-27T20:29:04.141Z] <<< [apiv2][status] GET https://firebase.googleapis.com/v1beta1/projects/expense-tracker-d14e8 403
[debug] [2024-06-27T20:29:04.141Z] <<< [apiv2][body] GET https://firebase.googleapis.com/v1beta1/projects/expense-tracker-d14e8 {"error":{"code":403,"message":"The caller does not have permission","status":"PERMISSION_DENIED"}}
[debug] [2024-06-27T20:29:04.143Z] HTTP Error: 403, The caller does not have permission
[debug] [2024-06-27T20:29:04.145Z] Specified "public" directory "build" does not exist; Deploy to Hosting site "" may fail or be empty.
[error] 
[error] Error: Assertion failed: resolving hosting target of a site with no site name or target name. This should have caused an error earlier
[debug] [2024-06-27T20:29:41.156Z] ----------------------------------------------------------------------
[debug] [2024-06-27T20:29:41.157Z] Command:       /usr/local/bin/node /usr/local/bin/firebase init
[debug] [2024-06-27T20:29:41.157Z] CLI Version:   13.12.0
[debug] [2024-06-27T20:29:41.157Z] Platform:      linux
[debug] [2024-06-27T20:29:41.158Z] Node Version:  v20.11.0
[debug] [2024-06-27T20:29:41.158Z] Time:          Fri Jun 28 2024 01:59:41 GMT+0530 (India Standard Time)
[debug] [2024-06-27T20:29:41.158Z] ----------------------------------------------------------------------
[debug] 
[debug] [2024-06-27T20:29:41.189Z] > command requires scopes: ["email","openid","https://www.googleapis.com/auth/cloudplatformprojects.readonly","https://www.googleapis.com/auth/firebase","https://www.googleapis.com/auth/cloud-platform"]
[debug] [2024-06-27T20:29:41.189Z] > authorizing via signed-in user (tomarharshit892@gmail.com)
[info] 
     ######## #### ########  ######## ########     ###     ######  ########
     ##        ##  ##     ## ##       ##     ##  ##   ##  ##       ##
     ######    ##  ########  ######   ########  #########  ######  ######
     ##        ##  ##    ##  ##       ##     ## ##     ##       ## ##
     ##       #### ##     ## ######## ########  ##     ##  ######  ########

You're about to initialize a Firebase project in this directory:

  /home/itadori/Desktop/projects/expense-tracker-firebase-react

Before we get started, keep in mind:

  * You are initializing within an existing Firebase project directory

[info] 
=== Project Setup
[info] 
[info] First, let's associate this project directory with a Firebase project.
[info] You can create multiple project aliases by running firebase use --add, 
[info] but for now we'll just set up a default project.
[info] 
[debug] [2024-06-27T20:29:48.760Z] Using project from CLI flag: expense-tracker-d14e8
[debug] [2024-06-27T20:29:48.760Z] >>> [apiv2][query] GET https://firebase.googleapis.com/v1beta1/projects/expense-tracker-d14e8 [none]
[debug] [2024-06-27T20:29:49.454Z] <<< [apiv2][status] GET https://firebase.googleapis.com/v1beta1/projects/expense-tracker-d14e8 403
[debug] [2024-06-27T20:29:49.454Z] <<< [apiv2][body] GET https://firebase.googleapis.com/v1beta1/projects/expense-tracker-d14e8 {"error":{"code":403,"message":"The caller does not have permission","status":"PERMISSION_DENIED"}}
[debug] [2024-06-27T20:29:49.455Z] HTTP Error: 403, The caller does not have permission
[debug] [2024-06-27T20:29:49.637Z] FirebaseError: HTTP Error: 403, The caller does not have permission
    at responseToError (/usr/local/lib/node_modules/firebase-tools/lib/responseToError.js:49:12)
    at RetryOperation._fn (/usr/local/lib/node_modules/firebase-tools/lib/apiv2.js:305:77)
    at process.processTicksAndRejections (node:internal/process/task_queues:95:5)
[error] 
[error] Error: Failed to get Firebase project expense-tracker-d14e8. Please make sure the project exists and your account has permission to access it.
